Checkout succeeded: 111/7F4AA659821D49C97DFB
	License file: 5280@172.16.201.225
	License Server: 5280@172.16.201.225
Virtuoso Framework License (111) was checked out successfully. Total checkout time was 0.01s.
Checkout succeeded: Virtuoso_Adv_Node_Framework/1F4A36F95539B91720EB
	License file: 5280@172.16.201.225
	License Server: 5280@172.16.201.225
*WARNING* The directory: '/home/cadencea8/Desktop/shannon_acmos' does not exist
	but was defined in libFile '/home/cadencea8/cds.lib' for Lib 'shannon_acmos'.
*WARNING* The directory: '/home/cadencea8/Desktop/acmos_shannon' does not exist
	but was defined in libFile '/home/cadencea8/cds.lib' for Lib 'acmos_shannon'.
*WARNING* The directory: '/home/cadencea8/Desktop/acmos_shannon_proj' does not exist
	but was defined in libFile '/home/cadencea8/cds.lib' for Lib 'acmos_shannon_proj'.
********************************************************************************
Product   : Virtuoso(R) XStream Out
Program   : @(#)$CDS: strmout version IC23.1-64b 07/08/2025 22:22 (cpgbld17) $
          : sub-version  IC23.1-64b.ISR15.37 
Started at: 16-Apr-2026  23:48:11
User Name : cadencea8
Host Name : cadencea8
Directory : /home/cadencea8
CADENCE Design Systems, Inc.
********************************************************************************
Info: Cellview Rev Num:99,  Tech Rev Num:59

WARNING (XSTRM-20): Output Stream file '/home/cadencea8/VLSI_Arch_NG/DRC_Check/Proposed_ff.gds' already exists. It will be overwritten.
*WARNING* The directory: '/home/cadencea8/umc110ae' does not exist
	but was defined in libFile '/home/cadencea8/cds.lib' for Lib 'umc110ae'.
Loading gpdk045/libInit.il ...
	Loading gpdk045/loadCxt.ile ... done!
	Loading context 'gpdk045' from library 'gpdk045' ... done!
	Loading context 'pdkUtils' from library 'gpdk045' ... done!
	Loading gpdk045/gpdk045_customFilter.il ... done!
	Loading gpdk045/libInitCustomExit.il ... 
	Loading Environment Settings ...
	Loading gpdk045/gpdk045_PDKRegistrations.il ... done!

  *************************************************************           
  *              Cadence Design Systems, Inc.                 *           
  *                                                           *           
  *                    Generic 45nm PDK                       *           
  *                        (gpdk045)                          *           
  *                                                           *           
  *************************************************************           
	

	VERSION: 6.0 (09-September-2019)

done!
Loaded gpdk045/libInit.il successfully!
INFO (XSTRM-217): Reading the layer map file, /mnt/cadence_tools/gpdk045_v_6_0/gpdk045/gpdk045.layermap
WARNING (XSTRM-333): The '-enableColoring' option will be ignored during XStream Out. This is because there is no color entry in the layer map and the object map file.
INFO (XSTRM-427): Based on current hardware configuration, running XStream Out translation in multi-threaded mode with 4 threads.
INFO (XSTRM-162): You have not used the '-viaMap' option. If the OpenAccess design has native oaVia instances, use the '-viaMap' option for preserving oaVia instances in a XStream Out - XStream In round trip. Using the '-viaMap' option improves performance and VM usage of applications using the Streamed-In design.

Summary of Options :
library                                 VLSI_Arch_NG
strmFile                                /home/cadencea8/VLSI_Arch_NG/DRC_Check/Proposed_ff.gds
topCell                                 Proposed_ff
view                                    layout
runDir                                  /home/cadencea8/VLSI_Arch_NG/DRC_Check
logFile                                 /home/cadencea8/VLSI_Arch_NG/DRC_Check/PIPO1.LOG
techLib                                 gpdk045
hierDepth                               32
maxVertices                             2048
layerMap                                /mnt/cadence_tools/gpdk045_v_6_0/gpdk045/gpdk045.layermap
userSkillFile                           /home/cadencea8/VLSI_Arch_NG/DRC_Check/strmout.il
labelDepth                              32
case                                    Preserve
convertDot                              node

INFO (XSTRM-180): You have not used the '-objectMap' option. The design has instance(s) of at least one of following OpenAccess objects: oaBlockage, oaBoundary, oaRow, and oaMarker. Any information about these objects will not be translated into the generated stream file. Use the '-objectMap' option to translate/preserve these objects using XStream.
INFO (XSTRM-223): 1. Translating stdVia gpdk045/M1_PO/layout as STRUCTURE M1_PO_CDNS_776363491870.
INFO (XSTRM-223): 2. Translating stdVia gpdk045/M2_M1/layout as STRUCTURE M2_M1_CDNS_776363491871.
INFO (XSTRM-223): 3. Translating cellview gpdk045/pmos2v/layout as STRUCTURE pmos2v_CDNS_776363491870.
INFO (XSTRM-223): 4. Translating cellview gpdk045/nmos2v/layout as STRUCTURE nmos2v_CDNS_776363491871.
INFO (XSTRM-223): 5. Translating cellview gpdk045/pmos2v/layout as STRUCTURE pmos2v_CDNS_776363491872.
INFO (XSTRM-223): 6. Translating cellview gpdk045/nmos2v/layout as STRUCTURE nmos2v_CDNS_776363491873.
INFO (XSTRM-223): 7. Translating cellview VLSI_Arch_NG/Proposed_ff/layout as STRUCTURE Proposed_ff.

Summary of Objects Translated:
	Scalar Instances:                       26
	Array Instances:                        0
	Polygons:                               0
	Paths:                                  0
	Rectangles:                             135
	Lines:                                  0
	Arcs:                                   0
	Donuts:                                 0
	Dots:                                   0
	Ellipses:                               0
	Boundaries:                             0
	Area Blockages:                         0
	Layer Blockages:                        0
	Area Halos:                             0
	Markers:                                0
	Rows:                                   0
	Stitch:                                 0
	Standard Vias                           46
	Custom Vias:                            0
	CdsGen Vias:                            0
	Pathsegs:                               303
	Text:                                   0
	TextDisplay:                            0
	Cells:                                  7

Elapsed Time: 0.2s   User Time: 0.1s   CPU Time: 0.0s   Peak VM: 35288KB
INFO (XSTRM-234): Translation completed. '0' error(s) and '2' warning(s) found.
